<?xml version="1.0" encoding="UTF-8"?>
<!-- Generated by org.testng.reporters.JUnitReportReporter -->
<testsuite skipped="0" hostname="BDC6-D-87F1N62" name="testNG.FirstTestingFile" tests="1" failures="0" timestamp="22 Jan 2020 04:50:44 GMT" time="11.362" errors="0">
  <testcase name="verifyHomepageTitle" time="11.362" classname="testNG.FirstTestingFile"/>
</testsuite> <!-- testNG.FirstTestingFile -->
