<?xml version="1.0" encoding="UTF-8"?>
<!-- Generated by org.testng.reporters.JUnitReportReporter -->
<testsuite skipped="0" hostname="BDC6-D-87F1N62" name="testNG.NewTest" tests="1" failures="0" timestamp="22 Jan 2020 05:59:26 GMT" time="0.002" errors="0">
  <testcase name="f" time="0.002" classname="testNG.NewTest"/>
</testsuite> <!-- testNG.NewTest -->
