<?xml version="1.0" encoding="UTF-8"?>
<!-- Generated by org.testng.reporters.JUnitReportReporter -->
<testsuite skipped="0" hostname="BDC6-D-87F1N62" name="testNG.PriorityDemo" tests="3" failures="0" timestamp="21 Jan 2020 08:56:34 GMT" time="0.024" errors="0">
  <testcase name="c_test" time="0.019" classname="testNG.PriorityDemo"/>
  <testcase name="b_test" time="0.002" classname="testNG.PriorityDemo"/>
  <testcase name="a_test" time="0.003" classname="testNG.PriorityDemo"/>
</testsuite> <!-- testNG.PriorityDemo -->
