<?xml version="1.0" encoding="UTF-8"?>
<!-- Generated by org.testng.reporters.JUnitReportReporter -->
<testsuite skipped="0" hostname="BDC6-D-87F1N62" name="poiDemos.GoogleTest" tests="1" failures="0" timestamp="23 Jan 2020 05:03:26 GMT" time="0.006" errors="0">
  <testcase name="yahooNewsTest" time="0.006" classname="poiDemos.GoogleTest"/>
</testsuite> <!-- poiDemos.GoogleTest -->
