<?xml version="1.0" encoding="UTF-8"?>
<!-- Generated by org.testng.reporters.JUnitReportReporter -->
<testsuite skipped="0" hostname="BDC6-D-87F1N62" name="testNG.TestNgdemo" tests="4" failures="0" timestamp="22 Jan 2020 05:59:26 GMT" time="0.011" errors="0">
  <testcase name="validate_Sign_on" time="0.003" classname="testNG.TestNgdemo"/>
  <testcase name="validate_Register" time="0.003" classname="testNG.TestNgdemo"/>
  <testcase name="validate_contact" time="0.003" classname="testNG.TestNgdemo"/>
  <testcase name="validate_support" time="0.002" classname="testNG.TestNgdemo"/>
</testsuite> <!-- testNG.TestNgdemo -->
