<?xml version="1.0" encoding="UTF-8"?>
<!-- Generated by org.testng.reporters.JUnitReportReporter -->
<testsuite skipped="0" hostname="BDC6-D-87F1N62" name="poiDemos.GroupingDemo" tests="3" failures="0" timestamp="23 Jan 2020 04:34:37 GMT" time="0.017" errors="0">
  <testcase name="CarTest" time="0.013" classname="poiDemos.GroupingDemo"/>
  <testcase name="Sedan1" time="0.002" classname="poiDemos.GroupingDemo"/>
  <testcase name="Scooter2" time="0.002" classname="poiDemos.GroupingDemo"/>
</testsuite> <!-- poiDemos.GroupingDemo -->
