<?xml version="1.0" encoding="UTF-8"?>
<!-- Generated by org.testng.reporters.JUnitReportReporter -->
<testsuite skipped="1" hostname="BDC6-D-87F1N62" name="extendReports.ExtentReportsTest" tests="1" failures="0" timestamp="23 Jan 2020 10:13:40 GMT" time="0.011" errors="0">
  <testcase name="skipTest" time="0.011" classname="extendReports.ExtentReportsTest">
    <skipped/>
  </testcase> <!-- skipTest -->
</testsuite> <!-- extendReports.ExtentReportsTest -->
