<?xml version="1.0" encoding="UTF-8"?>
<!-- Generated by org.testng.reporters.JUnitReportReporter -->
<testsuite skipped="2" hostname="BDC6-D-87F1N62" name="testNG.IgnoreCase" tests="4" failures="0" timestamp="22 Jan 2020 05:59:26 GMT" time="0.015" errors="0">
  <testcase name="test3" time="0.013" classname="testNG.IgnoreCase"/>
  <testcase name="test4" time="0.002" classname="testNG.IgnoreCase"/>
  <testcase name="Test5" classname="testNG.IgnoreCase">
    <skipped/>
  </testcase> <!-- Test5 -->
  <testcase name="test1" classname="testNG.IgnoreCase">
    <skipped/>
  </testcase> <!-- test1 -->
</testsuite> <!-- testNG.IgnoreCase -->
